SF:lib\domain\models\auth.dart
DA:9,1
DA:13,1
DA:14,2
LF:3
LH:3
end_of_record
SF:lib\domain\models\carts.dart
DA:14,14
DA:18,1
DA:19,1
DA:20,1
DA:21,1
DA:22,1
LF:6
LH:6
end_of_record
SF:lib\config\mock\special_categories.dart
DA:2,3
DA:3,36
LF:2
LH:2
end_of_record
SF:lib\domain\models\product.dart
DA:14,12
DA:26,12
DA:35,36
DA:36,24
DA:38,12
DA:51,3
DA:52,3
DA:53,3
DA:54,3
DA:55,3
DA:56,3
DA:57,3
DA:58,3
DA:59,0
DA:60,3
DA:61,3
DA:66,6
DA:67,6
DA:68,6
DA:69,6
DA:70,6
DA:71,6
DA:72,6
DA:73,6
DA:74,6
DA:75,6
DA:76,6
DA:81,3
DA:82,3
DA:83,3
DA:84,3
DA:85,6
DA:86,3
DA:87,3
DA:88,3
DA:89,3
DA:90,3
DA:91,6
DA:95,6
DA:98,35
DA:100,1
DA:101,2
LF:42
LH:41
end_of_record
SF:lib\domain\models\user.dart
DA:25,9
DA:37,1
DA:46,1
DA:47,1
DA:48,1
DA:49,0
DA:50,1
DA:51,1
DA:52,1
DA:53,0
DA:73,14
DA:82,1
DA:88,1
DA:89,0
DA:90,1
DA:91,1
DA:92,1
DA:106,14
DA:110,1
DA:111,1
DA:112,0
DA:113,1
LF:22
LH:18
end_of_record
SF:lib\infraestructure\helppers\carts\carts_mapper.dart
DA:10,2
DA:11,2
DA:12,2
DA:13,2
DA:15,10
LF:5
LH:5
end_of_record
SF:lib\infraestructure\helppers\products\product_mapper.dart
DA:10,3
DA:11,3
DA:12,3
DA:13,3
DA:14,3
DA:15,3
DA:16,3
DA:17,3
LF:8
LH:8
end_of_record
SF:lib\infraestructure\helppers\users\users_mapper.dart
DA:10,2
DA:11,2
DA:12,2
DA:13,4
DA:14,4
DA:15,4
DA:16,4
DA:18,2
DA:19,2
DA:20,2
DA:21,2
DA:22,2
DA:23,4
DA:24,4
DA:26,2
LF:15
LH:15
end_of_record
SF:lib\infraestructure\services\key_value_storage.dart
DA:5,3
DA:6,3
DA:9,4
DA:11,4
DA:12,1
DA:13,1
DA:14,1
DA:15,1
DA:16,1
DA:17,1
DA:18,1
DA:19,1
DA:20,1
DA:21,1
DA:23,3
DA:27,1
DA:29,1
DA:31,1
DA:34,1
DA:36,1
DA:37,1
DA:38,1
DA:39,1
DA:40,1
DA:41,1
DA:42,1
DA:43,1
DA:44,1
DA:45,1
DA:46,1
DA:48,3
LF:31
LH:31
end_of_record
SF:lib\presentation\helpers\form_validator.dart
DA:1,1
DA:2,1
DA:5,2
LF:3
LH:3
end_of_record
SF:lib\presentation\providers\api_response\authentication_provider.dart
DA:15,5
DA:23,5
DA:30,5
DA:31,2
DA:32,2
DA:33,5
DA:34,5
DA:35,2
DA:44,5
DA:48,10
DA:52,2
DA:53,6
DA:54,4
DA:58,2
DA:59,1
DA:60,4
DA:62,2
DA:63,6
DA:65,2
DA:69,2
DA:74,2
DA:75,8
DA:76,6
DA:77,2
DA:78,6
DA:79,10
DA:81,4
DA:82,0
DA:84,3
DA:87,4
DA:88,12
DA:89,8
DA:90,20
DA:91,20
DA:95,10
DA:96,5
DA:99,0
DA:101,0
DA:104,0
LF:39
LH:35
end_of_record
SF:lib\presentation\providers\api_response\cart_provider.dart
DA:13,7
DA:15,5
DA:20,5
DA:21,5
DA:22,5
DA:23,6
DA:33,21
DA:35,1
DA:36,4
DA:37,3
DA:38,2
DA:39,1
DA:40,1
DA:41,4
DA:43,1
DA:44,4
DA:46,4
DA:48,3
DA:55,1
DA:56,4
DA:58,3
DA:63,2
DA:64,2
DA:65,1
DA:66,3
DA:67,1
DA:68,1
DA:69,4
DA:79,5
DA:80,20
DA:82,10
DA:83,6
DA:84,8
DA:85,2
DA:86,6
DA:87,2
DA:88,2
DA:89,8
DA:95,15
DA:99,25
DA:102,8
LF:41
LH:41
end_of_record
SF:lib\presentation\providers\api_response\product_provider.dart
DA:17,6
DA:24,4
DA:30,4
DA:31,2
DA:32,2
DA:33,4
DA:34,4
DA:38,1
DA:39,1
DA:40,1
DA:41,1
DA:42,0
DA:43,0
DA:44,0
DA:45,0
DA:47,0
DA:48,0
DA:49,0
DA:50,0
DA:53,0
DA:54,0
DA:55,0
DA:59,0
DA:64,0
DA:65,0
DA:68,0
DA:72,0
DA:75,0
DA:76,0
DA:84,6
DA:85,12
DA:86,6
DA:89,6
DA:91,12
DA:94,1
DA:95,1
DA:96,4
DA:98,1
DA:99,3
DA:103,12
DA:104,4
DA:108,4
DA:109,12
DA:112,8
DA:114,2
DA:115,2
DA:116,6
DA:118,2
DA:121,1
DA:124,1
DA:125,1
DA:126,1
DA:128,1
DA:129,3
DA:137,4
DA:138,2
DA:140,1
DA:146,9
DA:148,3
DA:153,2
DA:154,6
DA:157,0
DA:158,0
DA:162,12
DA:163,9
DA:164,3
DA:166,6
LF:67
LH:47
end_of_record
SF:lib\presentation\providers\api_response\user_provider.dart
DA:13,8
DA:15,6
DA:20,6
DA:21,5
DA:22,5
DA:23,9
DA:34,24
DA:36,3
DA:37,9
DA:38,6
DA:39,2
DA:40,2
DA:41,6
DA:43,2
DA:45,1
DA:46,1
DA:47,5
DA:50,3
DA:53,1
DA:55,3
DA:63,5
DA:64,15
DA:68,25
DA:71,2
LF:24
LH:24
end_of_record
SF:lib\presentation\providers\shared\cart_list_provider.dart
DA:5,18
DA:7,4
DA:8,8
DA:9,16
DA:17,3
DA:18,16
DA:21,2
DA:22,12
DA:23,4
DA:24,6
DA:25,8
DA:27,4
DA:28,8
DA:29,8
DA:34,2
DA:35,12
DA:36,12
DA:37,6
DA:38,8
DA:40,4
DA:41,8
DA:42,8
DA:44,6
DA:45,1
DA:49,2
DA:50,4
DA:52,2
DA:53,2
DA:54,2
DA:55,10
DA:56,4
DA:57,2
DA:61,2
DA:62,4
DA:66,18
DA:67,2
DA:68,2
LF:37
LH:37
end_of_record
SF:lib\presentation\providers\shared\favorite_list_provider.dart
DA:5,4
DA:7,3
DA:8,12
DA:11,1
DA:12,4
DA:15,3
DA:16,6
DA:19,3
DA:20,3
DA:21,1
DA:23,3
DA:28,8
DA:29,4
DA:30,0
LF:14
LH:13
end_of_record
SF:lib\presentation\providers\shared\has_cart_user.dart
DA:5,8
DA:6,6
DA:7,6
LF:3
LH:3
end_of_record
SF:lib\presentation\providers\shared\products_category_provider.dart
DA:9,4
DA:11,6
DA:12,0
DA:13,0
DA:15,0
DA:17,0
DA:19,0
DA:22,4
DA:23,2
DA:25,1
DA:26,1
DA:27,2
DA:28,2
DA:31,1
DA:33,1
DA:35,1
DA:36,1
DA:37,1
DA:40,1
DA:41,1
DA:42,1
DA:46,0
DA:49,0
DA:50,0
DA:54,1
DA:58,5
DA:61,1
DA:65,1
DA:68,5
DA:69,1
LF:30
LH:22
end_of_record
SF:lib\presentation\providers\api_response\products_provider.dart
DA:16,1
DA:23,1
DA:29,1
DA:30,0
DA:31,0
DA:32,1
DA:33,1
DA:40,1
DA:41,2
DA:45,1
DA:46,1
DA:53,1
DA:54,3
DA:60,2
DA:64,1
DA:65,1
DA:66,3
DA:68,1
DA:69,3
DA:72,1
DA:73,3
DA:76,1
DA:77,1
DA:78,1
DA:80,1
DA:85,6
DA:86,2
DA:88,1
DA:95,2
DA:96,1
DA:97,0
DA:99,0
LF:32
LH:28
end_of_record
SF:lib\presentation\pages\product_screen.dart
DA:10,1
DA:12,1
DA:14,2
DA:16,1
DA:18,2
DA:19,2
DA:20,2
DA:21,2
DA:22,2
DA:23,2
DA:24,2
DA:25,2
DA:26,0
DA:27,2
DA:28,1
DA:29,5
DA:31,1
DA:32,5
DA:33,2
DA:37,0
LF:20
LH:18
end_of_record
SF:lib\presentation\pages\home_screen.dart
DA:9,1
DA:11,1
DA:12,1
DA:28,0
DA:29,0
DA:32,1
DA:33,5
DA:36,1
DA:37,5
DA:40,1
DA:41,5
DA:42,2
DA:44,0
DA:50,1
DA:52,3
DA:53,3
DA:54,3
DA:55,3
DA:56,4
DA:59,2
DA:61,1
DA:63,1
DA:64,0
DA:65,1
DA:71,1
DA:72,2
DA:73,2
DA:74,2
DA:75,1
DA:76,1
DA:80,1
DA:81,1
DA:82,1
DA:83,1
DA:85,1
DA:86,1
DA:87,1
DA:88,1
DA:90,0
DA:91,0
DA:93,1
DA:94,1
DA:96,1
DA:97,5
DA:99,0
DA:100,0
DA:101,0
DA:103,0
DA:105,1
LF:49
LH:39
end_of_record
SF:lib\presentation\pages\cart_screen.dart
DA:10,1
DA:12,1
DA:14,2
DA:15,3
DA:16,3
DA:18,1
DA:20,1
DA:21,1
DA:22,1
DA:23,1
DA:25,4
DA:26,1
DA:27,1
DA:30,1
DA:31,4
DA:33,2
DA:34,2
DA:35,1
DA:38,3
DA:39,1
DA:40,1
DA:41,0
DA:42,0
DA:44,1
DA:45,1
DA:48,1
DA:49,4
DA:51,1
DA:52,4
DA:53,2
LF:30
LH:28
end_of_record
SF:lib\presentation\pages\login_screen.dart
DA:9,1
DA:11,1
DA:12,1
DA:21,0
DA:22,0
DA:23,0
DA:27,1
DA:30,4
DA:32,4
DA:36,2
DA:37,0
DA:38,0
DA:39,0
DA:43,3
DA:45,0
DA:46,0
DA:47,0
DA:53,1
DA:54,1
DA:55,1
DA:56,0
DA:57,1
DA:59,1
DA:61,1
DA:62,1
DA:65,0
DA:66,0
DA:68,1
DA:69,1
DA:71,1
DA:72,3
DA:73,2
DA:74,1
DA:75,3
DA:76,1
DA:77,2
DA:78,2
DA:83,1
DA:89,1
DA:91,2
DA:92,2
DA:93,1
LF:42
LH:30
end_of_record
SF:lib\presentation\pages\user_screen.dart
DA:8,1
DA:10,1
DA:12,2
DA:13,1
DA:15,1
DA:16,3
DA:19,1
DA:20,0
DA:21,0
DA:23,1
DA:24,1
DA:26,1
DA:27,4
DA:28,1
DA:30,2
DA:31,2
DA:32,1
DA:33,1
DA:34,1
DA:35,2
DA:36,2
DA:37,3
DA:38,2
LF:23
LH:21
end_of_record
